<?xml version="1.0" encoding="UTF-8"?>
<!-- Generated by org.testng.reporters.JUnitXMLReporter -->
<testsuite hostname="Paras-Sharma" failures="0" tests="9" name="Test" time="31.329" errors="0" timestamp="29 Mar 2022 15:44:38 GMT">
  <testcase classname="com.csg.tau.TestProject.TestScript.MultipleMethods" name="btest" time="6.998"/>
  <testcase classname="com.csg.tau.TestProject.TestScript.MultipleMethods" name="ctest" time="0.006"/>
  <testcase classname="com.csg.tau.TestProject.TestScript.MultipleMethods" name="atest" time="0.004"/>
  <testcase classname="com.csg.tau.TestProject.TestScript.MultipleMethods" name="ztest" time="0.006"/>
  <testcase classname="com.csg.tau.TestProject.TestScript.MultipleMethods" name="ktest" time="0.002"/>
  <testcase classname="com.csg.tau.TestProject.TestScript.MultipleMethods" name="ltest" time="0.002"/>
  <testcase classname="com.csg.tau.TestProject.TestScript.MultipleMethods" name="mtest" time="0.002"/>
  <testcase classname="com.csg.tau.TestProject.TestScript.TestString" name="test" time="9.676"/>
  <testcase classname="com.csg.tau.TestProject.TestScript.WindlowHandlling" name="test1" time="31.273"/>
</testsuite> <!-- Test -->
