<?xml version="1.0" encoding="UTF-8"?>
<!-- Generated by org.testng.reporters.JUnitXMLReporter -->
<testsuite hostname="Paras-Sharma" failures="0" tests="6" name="Default test" time="6.14" errors="0" timestamp="8 Jun 2022 15:53:27 GMT">
  <testcase classname="com.csg.tau.TestProject.TestScript.MultipleMethods" name="ktest" time="0.029"/>
  <testcase classname="com.csg.tau.TestProject.TestScript.MultipleMethods" name="mtest" time="0.013"/>
  <testcase classname="com.csg.tau.TestProject.TestScript.MultipleMethods" name="ctest" time="0.003"/>
  <testcase classname="com.csg.tau.TestProject.TestScript.MultipleMethods" name="btest" time="6.022"/>
  <testcase classname="com.csg.tau.TestProject.TestScript.MultipleMethods" name="ztest" time="0.003"/>
  <testcase classname="com.csg.tau.TestProject.TestScript.MultipleMethods" name="atest" time="0.002"/>
</testsuite> <!-- Default test -->
