<?xml version="1.0" encoding="UTF-8"?>
<testng-results skipped="0" failed="0" total="3" passed="3">
  <reporter-output>
  </reporter-output>
  <suite name="SmokeSuite" duration-ms="19052" started-at="2022-03-30T15:24:13Z" finished-at="2022-03-30T15:24:32Z">
    <groups>
    </groups>
    <test name="Test" duration-ms="19052" started-at="2022-03-30T15:24:13Z" finished-at="2022-03-30T15:24:32Z">
      <class name="com.csg.tau.TestProject.TestScript.TestString">
        <test-method status="PASS" signature="test()[pri:0, instance:com.csg.tau.TestProject.TestScript.TestString@1a84f40f]" name="test" duration-ms="5363" started-at="2022-03-30T20:54:13Z" finished-at="2022-03-30T20:54:18Z">
          <reporter-output>
          </reporter-output>
        </test-method> <!-- test -->
      </class> <!-- com.csg.tau.TestProject.TestScript.TestString -->
      <class name="com.csg.tau.TestProject.TestScript.MultipleMethods">
        <test-method status="PASS" signature="btest()[pri:0, instance:com.csg.tau.TestProject.TestScript.MultipleMethods@6b419da]" name="btest" is-config="true" duration-ms="3741" started-at="2022-03-30T20:54:09Z" finished-at="2022-03-30T20:54:13Z">
          <reporter-output>
          </reporter-output>
        </test-method> <!-- btest -->
        <test-method status="PASS" signature="ktest()[pri:0, instance:com.csg.tau.TestProject.TestScript.MultipleMethods@6b419da]" name="ktest" is-config="true" duration-ms="0" started-at="2022-03-30T20:54:13Z" finished-at="2022-03-30T20:54:13Z">
          <reporter-output>
          </reporter-output>
        </test-method> <!-- ktest -->
        <test-method status="PASS" signature="ztest()[pri:0, instance:com.csg.tau.TestProject.TestScript.MultipleMethods@6b419da]" name="ztest" is-config="true" duration-ms="0" started-at="2022-03-30T20:54:13Z" finished-at="2022-03-30T20:54:13Z">
          <reporter-output>
          </reporter-output>
        </test-method> <!-- ztest -->
        <test-method status="PASS" signature="atest()[pri:0, instance:com.csg.tau.TestProject.TestScript.MultipleMethods@6b419da]" name="atest" is-config="true" duration-ms="0" started-at="2022-03-30T20:54:13Z" finished-at="2022-03-30T20:54:13Z">
          <reporter-output>
          </reporter-output>
        </test-method> <!-- atest -->
        <test-method status="PASS" signature="ctest()[pri:0, instance:com.csg.tau.TestProject.TestScript.MultipleMethods@6b419da]" name="ctest" duration-ms="2" started-at="2022-03-30T20:54:13Z" finished-at="2022-03-30T20:54:13Z">
          <reporter-output>
          </reporter-output>
        </test-method> <!-- ctest -->
        <test-method status="PASS" signature="ltest()[pri:0, instance:com.csg.tau.TestProject.TestScript.MultipleMethods@6b419da]" name="ltest" is-config="true" duration-ms="6" started-at="2022-03-30T20:54:13Z" finished-at="2022-03-30T20:54:13Z">
          <reporter-output>
          </reporter-output>
        </test-method> <!-- ltest -->
        <test-method status="PASS" signature="mtest()[pri:0, instance:com.csg.tau.TestProject.TestScript.MultipleMethods@6b419da]" name="mtest" is-config="true" duration-ms="1" started-at="2022-03-30T20:54:32Z" finished-at="2022-03-30T20:54:32Z">
          <reporter-output>
          </reporter-output>
        </test-method> <!-- mtest -->
      </class> <!-- com.csg.tau.TestProject.TestScript.MultipleMethods -->
      <class name="com.csg.tau.TestProject.TestScript.WindlowHandlling">
        <test-method status="PASS" signature="test1()[pri:0, instance:com.csg.tau.TestProject.TestScript.WindlowHandlling@691a7f8f]" name="test1" duration-ms="18982" started-at="2022-03-30T20:54:13Z" finished-at="2022-03-30T20:54:32Z">
          <reporter-output>
          </reporter-output>
        </test-method> <!-- test1 -->
      </class> <!-- com.csg.tau.TestProject.TestScript.WindlowHandlling -->
    </test> <!-- Test -->
  </suite> <!-- SmokeSuite -->
</testng-results>
