<?xml version="1.0" encoding="UTF-8"?>
<testng-results total="1" passed="1" failed="0" skipped="0">
  <reporter-output>
  </reporter-output>
  <suite started-at="2022-03-29T16:03:34Z" name="Default suite" finished-at="2022-03-29T16:03:34Z" duration-ms="100">
    <groups>
    </groups>
    <test started-at="2022-03-29T16:03:34Z" name="Default test" finished-at="2022-03-29T16:03:34Z" duration-ms="100">
      <class name="com.csg.tau.TestProject.TestScript.MultipleMethods">
        <test-method is-config="true" signature="btest()[pri:0, instance:com.csg.tau.TestProject.TestScript.MultipleMethods@512535ff]" started-at="2022-03-29T21:33:34Z" name="btest" finished-at="2022-03-29T21:33:34Z" duration-ms="48" status="PASS">
          <reporter-output>
          </reporter-output>
        </test-method> <!-- btest -->
        <test-method is-config="true" signature="ktest()[pri:0, instance:com.csg.tau.TestProject.TestScript.MultipleMethods@512535ff]" started-at="2022-03-29T21:33:34Z" name="ktest" finished-at="2022-03-29T21:33:34Z" duration-ms="3" status="PASS">
          <reporter-output>
          </reporter-output>
        </test-method> <!-- ktest -->
        <test-method is-config="true" signature="ztest()[pri:0, instance:com.csg.tau.TestProject.TestScript.MultipleMethods@512535ff]" started-at="2022-03-29T21:33:34Z" name="ztest" finished-at="2022-03-29T21:33:34Z" duration-ms="0" status="PASS">
          <reporter-output>
          </reporter-output>
        </test-method> <!-- ztest -->
        <test-method is-config="true" signature="atest()[pri:0, instance:com.csg.tau.TestProject.TestScript.MultipleMethods@512535ff]" started-at="2022-03-29T21:33:34Z" name="atest" finished-at="2022-03-29T21:33:34Z" duration-ms="0" status="PASS">
          <reporter-output>
          </reporter-output>
        </test-method> <!-- atest -->
        <test-method signature="ctest()[pri:0, instance:com.csg.tau.TestProject.TestScript.MultipleMethods@512535ff]" started-at="2022-03-29T21:33:34Z" name="ctest" finished-at="2022-03-29T21:33:34Z" duration-ms="30" status="PASS">
          <reporter-output>
          </reporter-output>
        </test-method> <!-- ctest -->
        <test-method is-config="true" signature="ltest()[pri:0, instance:com.csg.tau.TestProject.TestScript.MultipleMethods@512535ff]" started-at="2022-03-29T21:33:34Z" name="ltest" finished-at="2022-03-29T21:33:34Z" duration-ms="1" status="PASS">
          <reporter-output>
          </reporter-output>
        </test-method> <!-- ltest -->
        <test-method is-config="true" signature="mtest()[pri:0, instance:com.csg.tau.TestProject.TestScript.MultipleMethods@512535ff]" started-at="2022-03-29T21:33:34Z" name="mtest" finished-at="2022-03-29T21:33:34Z" duration-ms="1" status="PASS">
          <reporter-output>
          </reporter-output>
        </test-method> <!-- mtest -->
      </class> <!-- com.csg.tau.TestProject.TestScript.MultipleMethods -->
    </test> <!-- Default test -->
  </suite> <!-- Default suite -->
</testng-results>
