<?xml version="1.0" encoding="UTF-8"?>
<testng-results skipped="0" failed="0" total="1" passed="1">
  <reporter-output>
  </reporter-output>
  <suite name="Default suite" duration-ms="147124" started-at="2019-07-21T07:22:52Z" finished-at="2019-07-21T07:25:19Z">
    <groups>
    </groups>
    <test name="Default test" duration-ms="147124" started-at="2019-07-21T07:22:52Z" finished-at="2019-07-21T07:25:19Z">
      <class name="com.csg.tau.TestProject.TestScript.test">
        <test-method status="PASS" signature="f1()[pri:0, instance:com.csg.tau.TestProject.TestScript.test@1a968a59]" name="f1" duration-ms="147060" started-at="2019-07-21T12:52:52Z" finished-at="2019-07-21T12:55:19Z">
          <reporter-output>
          </reporter-output>
        </test-method> <!-- f1 -->
      </class> <!-- com.csg.tau.TestProject.TestScript.test -->
    </test> <!-- Default test -->
  </suite> <!-- Default suite -->
</testng-results>
